This is pdfTeX, Version 3.1415926-1.40.10 (TeX Live 2009/Debian) (format=pdflatex 2012.3.16)  18 AUG 2012 01:25
entering extended mode
 %&-line parsing enabled.
**poster-genos-anppom-2012-taxonomia.tex
(./poster-genos-anppom-2012-taxonomia.tex
LaTeX2e <2009/09/24>
Babel <v3.8l> and hyphenation patterns for english, usenglishmax, dumylang, noh
yphenation, farsi, arabic, croatian, bulgarian, ukrainian, russian, czech, slov
ak, danish, dutch, finnish, french, basque, ngerman, german, german-x-2009-06-1
9, ngerman-x-2009-06-19, ibycus, monogreek, greek, ancientgreek, hungarian, san
skrit, italian, latin, latvian, lithuanian, mongolian2a, mongolian, bokmal, nyn
orsk, romanian, irish, coptic, serbian, turkish, welsh, esperanto, uppersorbian
, estonian, indonesian, interlingua, icelandic, kurmanji, slovenian, polish, po
rtuguese, spanish, galician, catalan, swedish, ukenglish, pinyin, loaded.
(/usr/share/texmf-texlive/tex/latex/sciposter/sciposter.cls
Document Class: sciposter 2006/05/30 v1.17 scientific poster class (MHFW, AMW)
(/usr/share/texmf-texlive/tex/latex/base/article.cls
Document Class: article 2007/10/19 v1.4h Standard LaTeX document class
(/usr/share/texmf-texlive/tex/latex/base/size10.clo
File: size10.clo 2007/10/19 v1.4h Standard LaTeX file (size option)
)
\c@part=\count79
\c@section=\count80
\c@subsection=\count81
\c@subsubsection=\count82
\c@paragraph=\count83
\c@subparagraph=\count84
\c@figure=\count85
\c@table=\count86
\abovecaptionskip=\skip41
\belowcaptionskip=\skip42
\bibindent=\dimen102
)
(/usr/share/texmf-texlive/tex/latex/base/ifthen.sty
Package: ifthen 2001/05/26 v1.1c Standard LaTeX ifthen package (DPC)
)
(/usr/share/texmf-texlive/tex/latex/lettrine/lettrine.sty
File: lettrine.sty 2007/08/08 v1.62 (Daniel Flipo)

(/usr/share/texmf-texlive/tex/latex/graphics/keyval.sty
Package: keyval 1999/03/16 v1.13 key=value parser (DPC)
\KV@toks@=\toks14
)
\c@DefaultLines=\count87
\DefaultFindent=\dimen103
\DefaultNindent=\dimen104
\DefaultSlope=\dimen105
\L@lbox=\box26
\L@tbox=\box27
\c@L@lines=\count88
\L@Pindent=\dimen106
\L@Findent=\dimen107
\L@Nindent=\dimen108
\L@lraise=\dimen109
\L@first=\dimen110
\L@next=\dimen111
\L@slope=\dimen112
\L@height=\dimen113
\LettrineWidth=\dimen114

Loading lettrine.cfg
(/usr/share/texmf-texlive/tex/latex/lettrine/lettrine.cfg))
\papermargin=\skip43

(/usr/share/texmf-texlive/tex/latex/graphics/graphics.sty
Package: graphics 2009/02/05 v1.0o Standard LaTeX Graphics (DPC,SPQR)

(/usr/share/texmf-texlive/tex/latex/graphics/trig.sty
Package: trig 1999/03/16 v1.09 sin cos tan (DPC)
)
(/etc/texmf/tex/latex/config/graphics.cfg
File: graphics.cfg 2009/08/28 v1.8 graphics configuration of TeX Live
)
Package graphics Info: Driver file: pdftex.def on input line 91.

(/usr/share/texmf-texlive/tex/latex/pdftex-def/pdftex.def
File: pdftex.def 2010/03/12 v0.04p Graphics/color for pdfTeX
\Gread@gobject=\count89
))
(/usr/share/texmf-texlive/tex/latex/graphics/color.sty
Package: color 2005/11/14 v1.0j Standard LaTeX Color (DPC)

(/etc/texmf/tex/latex/config/color.cfg
File: color.cfg 2007/01/18 v1.5 color configuration of teTeX/TeXLive
)
Package color Info: Driver file: pdftex.def on input line 130.
)
(/usr/share/texmf-texlive/tex/latex/ltxmisc/shadow.sty
Package: shadow 2003/02/19 v1.3 shadow boxes (M.O.)
\txtwdth=\dimen115
\sht=\dimen116
\shw=\dimen117
\shbox=\box28
\sboxsep=\dimen118
\sboxrule=\dimen119
\sdim=\dimen120
)
(/usr/share/texmf-texlive/tex/latex/a0poster/a0size.sty
File: a0size.sty 2004/01/31 v1.22b a0poster class (GK, MW)
LaTeX Font Info:    Redeclaring symbol font `largesymbols' on input line 229.
LaTeX Font Info:    Overwriting symbol font `largesymbols' in version `normal'
(Font)                  OMX/cmex/m/n --> OMX/cmex/m/n on input line 229.
LaTeX Font Info:    Overwriting symbol font `largesymbols' in version `bold'
(Font)                  OMX/cmex/m/n --> OMX/cmex/m/n on input line 229.
\big@size=\dimen121
)
(/usr/share/texmf-texlive/tex/latex/psnfss/times.sty
Package: times 2005/04/12 PSNFSS-v9.2a (SPQR) 
)
(/usr/share/texmf-texlive/tex/latex/ltxmisc/boxedminipage.sty)
\titlewidth=\skip44
\logowidth=\skip45
\parstartskip=\skip46
\figtopskip=\skip47
\figbotskip=\skip48
\secskip=\skip49
\titleskip=\skip50
\secboxwidth=\skip51
\c@subfig=\count90
\c@algorithm=\count91
\secrulewidth=\skip52
)
(config/poster-anppom.sty (/var/lib/texmf/tex/generic/babel/babel.sty
Package: babel 2008/07/06 v3.8l The Babel package

(/usr/share/texmf-texlive/tex/generic/babel/portuges.ldf
Language: portuges 2008/03/18 v1.2q Portuguese support from the babel system

(/usr/share/texmf-texlive/tex/generic/babel/babel.def
File: babel.def 2008/07/06 v3.8l Babel common definitions
\babel@savecnt=\count92
\U@D=\dimen122
)
\l@brazil = a dialect from \language\l@portuges 
Package babel Info: Making " an active character on input line 145.
))
(/usr/share/texmf-texlive/tex/latex/base/inputenc.sty
Package: inputenc 2008/03/30 v1.1d Input encoding file
\inpenc@prehook=\toks15
\inpenc@posthook=\toks16

(/usr/share/texmf-texlive/tex/latex/base/utf8.def
File: utf8.def 2008/04/05 v1.1m UTF-8 support for inputenc
Now handling font encoding OML ...
... no UTF-8 mapping file for font encoding OML
Now handling font encoding T1 ...
... processing UTF-8 mapping file for font encoding T1

(/usr/share/texmf-texlive/tex/latex/base/t1enc.dfu
File: t1enc.dfu 2008/04/05 v1.1m UTF-8 support for inputenc
   defining Unicode char U+00A1 (decimal 161)
   defining Unicode char U+00A3 (decimal 163)
   defining Unicode char U+00AB (decimal 171)
   defining Unicode char U+00BB (decimal 187)
   defining Unicode char U+00BF (decimal 191)
   defining Unicode char U+00C0 (decimal 192)
   defining Unicode char U+00C1 (decimal 193)
   defining Unicode char U+00C2 (decimal 194)
   defining Unicode char U+00C3 (decimal 195)
   defining Unicode char U+00C4 (decimal 196)
   defining Unicode char U+00C5 (decimal 197)
   defining Unicode char U+00C6 (decimal 198)
   defining Unicode char U+00C7 (decimal 199)
   defining Unicode char U+00C8 (decimal 200)
   defining Unicode char U+00C9 (decimal 201)
   defining Unicode char U+00CA (decimal 202)
   defining Unicode char U+00CB (decimal 203)
   defining Unicode char U+00CC (decimal 204)
   defining Unicode char U+00CD (decimal 205)
   defining Unicode char U+00CE (decimal 206)
   defining Unicode char U+00CF (decimal 207)
   defining Unicode char U+00D0 (decimal 208)
   defining Unicode char U+00D1 (decimal 209)
   defining Unicode char U+00D2 (decimal 210)
   defining Unicode char U+00D3 (decimal 211)
   defining Unicode char U+00D4 (decimal 212)
   defining Unicode char U+00D5 (decimal 213)
   defining Unicode char U+00D6 (decimal 214)
   defining Unicode char U+00D8 (decimal 216)
   defining Unicode char U+00D9 (decimal 217)
   defining Unicode char U+00DA (decimal 218)
   defining Unicode char U+00DB (decimal 219)
   defining Unicode char U+00DC (decimal 220)
   defining Unicode char U+00DD (decimal 221)
   defining Unicode char U+00DE (decimal 222)
   defining Unicode char U+00DF (decimal 223)
   defining Unicode char U+00E0 (decimal 224)
   defining Unicode char U+00E1 (decimal 225)
   defining Unicode char U+00E2 (decimal 226)
   defining Unicode char U+00E3 (decimal 227)
   defining Unicode char U+00E4 (decimal 228)
   defining Unicode char U+00E5 (decimal 229)
   defining Unicode char U+00E6 (decimal 230)
   defining Unicode char U+00E7 (decimal 231)
   defining Unicode char U+00E8 (decimal 232)
   defining Unicode char U+00E9 (decimal 233)
   defining Unicode char U+00EA (decimal 234)
   defining Unicode char U+00EB (decimal 235)
   defining Unicode char U+00EC (decimal 236)
   defining Unicode char U+00ED (decimal 237)
   defining Unicode char U+00EE (decimal 238)
   defining Unicode char U+00EF (decimal 239)
   defining Unicode char U+00F0 (decimal 240)
   defining Unicode char U+00F1 (decimal 241)
   defining Unicode char U+00F2 (decimal 242)
   defining Unicode char U+00F3 (decimal 243)
   defining Unicode char U+00F4 (decimal 244)
   defining Unicode char U+00F5 (decimal 245)
   defining Unicode char U+00F6 (decimal 246)
   defining Unicode char U+00F8 (decimal 248)
   defining Unicode char U+00F9 (decimal 249)
   defining Unicode char U+00FA (decimal 250)
   defining Unicode char U+00FB (decimal 251)
   defining Unicode char U+00FC (decimal 252)
   defining Unicode char U+00FD (decimal 253)
   defining Unicode char U+00FE (decimal 254)
   defining Unicode char U+00FF (decimal 255)
   defining Unicode char U+0102 (decimal 258)
   defining Unicode char U+0103 (decimal 259)
   defining Unicode char U+0104 (decimal 260)
   defining Unicode char U+0105 (decimal 261)
   defining Unicode char U+0106 (decimal 262)
   defining Unicode char U+0107 (decimal 263)
   defining Unicode char U+010C (decimal 268)
   defining Unicode char U+010D (decimal 269)
   defining Unicode char U+010E (decimal 270)
   defining Unicode char U+010F (decimal 271)
   defining Unicode char U+0110 (decimal 272)
   defining Unicode char U+0111 (decimal 273)
   defining Unicode char U+0118 (decimal 280)
   defining Unicode char U+0119 (decimal 281)
   defining Unicode char U+011A (decimal 282)
   defining Unicode char U+011B (decimal 283)
   defining Unicode char U+011E (decimal 286)
   defining Unicode char U+011F (decimal 287)
   defining Unicode char U+0130 (decimal 304)
   defining Unicode char U+0131 (decimal 305)
   defining Unicode char U+0132 (decimal 306)
   defining Unicode char U+0133 (decimal 307)
   defining Unicode char U+0139 (decimal 313)
   defining Unicode char U+013A (decimal 314)
   defining Unicode char U+013D (decimal 317)
   defining Unicode char U+013E (decimal 318)
   defining Unicode char U+0141 (decimal 321)
   defining Unicode char U+0142 (decimal 322)
   defining Unicode char U+0143 (decimal 323)
   defining Unicode char U+0144 (decimal 324)
   defining Unicode char U+0147 (decimal 327)
   defining Unicode char U+0148 (decimal 328)
   defining Unicode char U+014A (decimal 330)
   defining Unicode char U+014B (decimal 331)
   defining Unicode char U+0150 (decimal 336)
   defining Unicode char U+0151 (decimal 337)
   defining Unicode char U+0152 (decimal 338)
   defining Unicode char U+0153 (decimal 339)
   defining Unicode char U+0154 (decimal 340)
   defining Unicode char U+0155 (decimal 341)
   defining Unicode char U+0158 (decimal 344)
   defining Unicode char U+0159 (decimal 345)
   defining Unicode char U+015A (decimal 346)
   defining Unicode char U+015B (decimal 347)
   defining Unicode char U+015E (decimal 350)
   defining Unicode char U+015F (decimal 351)
   defining Unicode char U+0160 (decimal 352)
   defining Unicode char U+0161 (decimal 353)
   defining Unicode char U+0162 (decimal 354)
   defining Unicode char U+0163 (decimal 355)
   defining Unicode char U+0164 (decimal 356)
   defining Unicode char U+0165 (decimal 357)
   defining Unicode char U+016E (decimal 366)
   defining Unicode char U+016F (decimal 367)
   defining Unicode char U+0170 (decimal 368)
   defining Unicode char U+0171 (decimal 369)
   defining Unicode char U+0178 (decimal 376)
   defining Unicode char U+0179 (decimal 377)
   defining Unicode char U+017A (decimal 378)
   defining Unicode char U+017B (decimal 379)
   defining Unicode char U+017C (decimal 380)
   defining Unicode char U+017D (decimal 381)
   defining Unicode char U+017E (decimal 382)
   defining Unicode char U+200C (decimal 8204)
   defining Unicode char U+2013 (decimal 8211)
   defining Unicode char U+2014 (decimal 8212)
   defining Unicode char U+2018 (decimal 8216)
   defining Unicode char U+2019 (decimal 8217)
   defining Unicode char U+201A (decimal 8218)
   defining Unicode char U+201C (decimal 8220)
   defining Unicode char U+201D (decimal 8221)
   defining Unicode char U+201E (decimal 8222)
   defining Unicode char U+2030 (decimal 8240)
   defining Unicode char U+2031 (decimal 8241)
   defining Unicode char U+2039 (decimal 8249)
   defining Unicode char U+203A (decimal 8250)
   defining Unicode char U+2423 (decimal 9251)
)
Now handling font encoding OT1 ...
... processing UTF-8 mapping file for font encoding OT1

(/usr/share/texmf-texlive/tex/latex/base/ot1enc.dfu
File: ot1enc.dfu 2008/04/05 v1.1m UTF-8 support for inputenc
   defining Unicode char U+00A1 (decimal 161)
   defining Unicode char U+00A3 (decimal 163)
   defining Unicode char U+00B8 (decimal 184)
   defining Unicode char U+00BF (decimal 191)
   defining Unicode char U+00C5 (decimal 197)
   defining Unicode char U+00C6 (decimal 198)
   defining Unicode char U+00D8 (decimal 216)
   defining Unicode char U+00DF (decimal 223)
   defining Unicode char U+00E6 (decimal 230)
   defining Unicode char U+00EC (decimal 236)
   defining Unicode char U+00ED (decimal 237)
   defining Unicode char U+00EE (decimal 238)
   defining Unicode char U+00EF (decimal 239)
   defining Unicode char U+00F8 (decimal 248)
   defining Unicode char U+0131 (decimal 305)
   defining Unicode char U+0141 (decimal 321)
   defining Unicode char U+0142 (decimal 322)
   defining Unicode char U+0152 (decimal 338)
   defining Unicode char U+0153 (decimal 339)
   defining Unicode char U+2013 (decimal 8211)
   defining Unicode char U+2014 (decimal 8212)
   defining Unicode char U+2018 (decimal 8216)
   defining Unicode char U+2019 (decimal 8217)
   defining Unicode char U+201C (decimal 8220)
   defining Unicode char U+201D (decimal 8221)
)
Now handling font encoding OMS ...
... processing UTF-8 mapping file for font encoding OMS

(/usr/share/texmf-texlive/tex/latex/base/omsenc.dfu
File: omsenc.dfu 2008/04/05 v1.1m UTF-8 support for inputenc
   defining Unicode char U+00A7 (decimal 167)
   defining Unicode char U+00B6 (decimal 182)
   defining Unicode char U+00B7 (decimal 183)
   defining Unicode char U+2020 (decimal 8224)
   defining Unicode char U+2021 (decimal 8225)
   defining Unicode char U+2022 (decimal 8226)
)
Now handling font encoding OMX ...
... no UTF-8 mapping file for font encoding OMX
Now handling font encoding U ...
... no UTF-8 mapping file for font encoding U
   defining Unicode char U+00A9 (decimal 169)
   defining Unicode char U+00AA (decimal 170)
   defining Unicode char U+00AE (decimal 174)
   defining Unicode char U+00BA (decimal 186)
   defining Unicode char U+02C6 (decimal 710)
   defining Unicode char U+02DC (decimal 732)
   defining Unicode char U+200C (decimal 8204)
   defining Unicode char U+2026 (decimal 8230)
   defining Unicode char U+2122 (decimal 8482)
   defining Unicode char U+2423 (decimal 9251)
)
(/usr/share/texmf-texlive/tex/latex/ucs/utf8x.def
File: utf8x.def 2004/10/17 UCS: Input encoding UTF-8
))
(/usr/share/texmf-texlive/tex/latex/ucs/ucs.sty
Package: ucs 2004/10/17 UCS: Unicode input support

(/usr/share/texmf-texlive/tex/latex/ucs/data/uni-global.def
File: uni-global.def 2004/10/17 UCS: Unicode global data
)
\uc@secondtry=\count93
\uc@combtoks=\toks17
\uc@combtoksb=\toks18
\uc@temptokena=\toks19
)
(/usr/share/texmf-texlive/tex/latex/ltxmisc/url.sty
\Urlmuskip=\muskip10
Package: url 2006/04/12  ver 3.3  Verb mode for urls, etc.
)
(/usr/share/texmf-texlive/tex/latex/tools/multicol.sty
Package: multicol 2008/12/05 v1.6h multicolumn formatting (FMi)
\c@tracingmulticols=\count94
\mult@box=\box29
\multicol@leftmargin=\dimen123
\c@unbalance=\count95
\c@collectmore=\count96
\doublecol@number=\count97
\multicoltolerance=\count98
\multicolpretolerance=\count99
\full@width=\dimen124
\page@free=\dimen125
\premulticols=\dimen126
\postmulticols=\dimen127
\multicolsep=\skip53
\multicolbaselineskip=\skip54
\partial@page=\box30
\last@line=\box31
\mult@rightbox=\box32
\mult@grightbox=\box33
\mult@gfirstbox=\box34
\mult@firstbox=\box35
\@tempa=\box36
\@tempa=\box37
\@tempa=\box38
\@tempa=\box39
\@tempa=\box40
\@tempa=\box41
\@tempa=\box42
\@tempa=\box43
\@tempa=\box44
\@tempa=\box45
\@tempa=\box46
\@tempa=\box47
\@tempa=\box48
\@tempa=\box49
\@tempa=\box50
\@tempa=\box51
\@tempa=\box52
\c@columnbadness=\count100
\c@finalcolumnbadness=\count101
\last@try=\dimen128
\multicolovershoot=\dimen129
\multicolundershoot=\dimen130
\mult@nat@firstbox=\box53
\colbreak@box=\box54
)
(/usr/share/texmf-texlive/tex/latex/graphics/graphicx.sty
Package: graphicx 1999/02/16 v1.0f Enhanced LaTeX Graphics (DPC,SPQR)
\Gin@req@height=\dimen131
\Gin@req@width=\dimen132
)
(/usr/share/texmf-texlive/tex/latex/subfig/subfig.sty
Package: subfig 2005/06/28 ver: 1.3 subfig package

(/usr/share/texmf-texlive/tex/latex/caption/caption.sty
Package: caption 2009/10/09 v3.1k Customizing captions (AR)

(/usr/share/texmf-texlive/tex/latex/caption/caption3.sty
Package: caption3 2009/10/09 v3.1k caption3 kernel (AR)
\captionmargin=\dimen133
\captionmargin@=\dimen134
\captionwidth=\dimen135
\caption@indent=\dimen136
\caption@parindent=\dimen137
\caption@hangindent=\dimen138
)
\c@ContinuedFloat=\count102
)
\c@KVtest=\count103
\sf@farskip=\skip55
\sf@captopadj=\dimen139
\sf@capskip=\skip56
\sf@nearskip=\skip57
\c@subfigure=\count104
\c@subfigure@save=\count105
\c@lofdepth=\count106
\c@subtable=\count107
\c@subtable@save=\count108
\c@lotdepth=\count109
\sf@top=\skip58
\sf@bottom=\skip59
)
(/usr/share/texmf-texlive/tex/latex/geometry/geometry.sty
Package: geometry 2008/12/21 v4.2 Page Geometry

(/usr/share/texmf-texlive/tex/generic/oberdiek/ifpdf.sty
Package: ifpdf 2009/04/10 v2.0 Provides the ifpdf switch (HO)
Package ifpdf Info: pdfTeX in pdf mode detected.
)
(/usr/share/texmf-texlive/tex/generic/oberdiek/ifvtex.sty
Package: ifvtex 2008/11/04 v1.4 Switches for detecting VTeX and its modes (HO)
Package ifvtex Info: VTeX not detected.
)
\Gm@cnth=\count110
\Gm@cntv=\count111
\c@Gm@tempcnt=\count112
\Gm@bindingoffset=\dimen140
\Gm@wd@mp=\dimen141
\Gm@odd@mp=\dimen142
\Gm@even@mp=\dimen143
\Gm@dimlist=\toks20

(/usr/share/texmf-texlive/tex/xelatex/xetexconfig/geometry.cfg))
Package color Info: Redefining color SectionCol on input line 22.
Package color Info: Redefining color BoxCol on input line 23.
)
(./poster-genos-anppom-2012-taxonomia.aux

LaTeX Warning: Label `fig:label-figura' multiply defined.


LaTeX Warning: Label `fig:label-figura' multiply defined.


LaTeX Warning: Label `fig:label-figura' multiply defined.


LaTeX Warning: Label `fig:label-figura' multiply defined.


LaTeX Warning: Label `fig:label-figura' multiply defined.


LaTeX Warning: Label `fig:label-figura' multiply defined.


LaTeX Warning: Label `fig:label-figura' multiply defined.


LaTeX Warning: Label `fig:label-figura' multiply defined.

)
\openout1 = `poster-genos-anppom-2012-taxonomia.aux'.

LaTeX Font Info:    Checking defaults for OML/cmm/m/it on input line 17.
LaTeX Font Info:    ... okay on input line 17.
LaTeX Font Info:    Checking defaults for T1/cmr/m/n on input line 17.
LaTeX Font Info:    ... okay on input line 17.
LaTeX Font Info:    Checking defaults for OT1/cmr/m/n on input line 17.
LaTeX Font Info:    ... okay on input line 17.
LaTeX Font Info:    Checking defaults for OMS/cmsy/m/n on input line 17.
LaTeX Font Info:    ... okay on input line 17.
LaTeX Font Info:    Checking defaults for OMX/cmex/m/n on input line 17.
LaTeX Font Info:    ... okay on input line 17.
LaTeX Font Info:    Checking defaults for U/cmr/m/n on input line 17.
LaTeX Font Info:    ... okay on input line 17.
LaTeX Font Info:    Try loading font information for OT1+phv on input line 17.
 (/usr/share/texmf-texlive/tex/latex/psnfss/ot1phv.fd
File: ot1phv.fd 2001/06/04 scalable font definitions for OT1/phv.
)
(/usr/share/texmf/tex/context/base/supp-pdf.mkii
[Loading MPS to PDF converter (version 2006.09.02).]
\scratchcounter=\count113
\scratchdimen=\dimen144
\scratchbox=\box55
\nofMPsegments=\count114
\nofMParguments=\count115
\everyMPshowfont=\toks21
\MPscratchCnt=\count116
\MPscratchDim=\dimen145
\MPnumerator=\count117
\everyMPtoPDFconversion=\toks22
)
-- Paper type set to custom.
\GPT@outputbox=\box56
(/usr/share/texmf-texlive/tex/latex/ucs/ucsencs.def
File: ucsencs.def 2003/11/29 Fixes to fontencodings LGR, T3
)
Package caption Info: Begin \AtBeginDocument code.
Package caption3 Info: subfig package 1.2 or 1.3 is loaded.
LaTeX Info: Redefining \subref on input line 17.
Package caption Info: Incompatible package detected (regarding \caption).
(caption)             \caption = macro:->\@protected@testopt \caption \\caption
 {1}.


Package caption Warning: \caption will not be redefined since it's already
(caption)                redefined by a document class or package which is
(caption)                unknown to the caption package.
See the caption package documentation for explanation.

Package caption Info: End \AtBeginDocument code.
*geometry detected driver: dvipdfm*
-------------------- Geometry parameters
paper: class default
landscape: --
twocolumn: --
twoside: --
asymmetric: --
h-parts: 113.81102pt, 2047.46051pt, 227.62204pt
v-parts: 113.81102pt, 3551.47319pt, -284.52756pt
hmarginratio: --
vmarginratio: --
lines: --
heightrounded: --
bindingoffset: 0.0pt
truedimen: --
includehead: --
includefoot: --
includemp: --
driver: dvipdfm
-------------------- Page layout dimensions and switches
\paperwidth  2560.74802pt
\paperheight 3414.3307pt
\textwidth  2047.46051pt
\textheight 3551.47319pt
\oddsidemargin  41.54103pt
\evensidemargin 41.54103pt
\topmargin  41.54103pt
\headheight 0.0pt
\headsep    0.0pt
\footskip   93.16217pt
\marginparwidth 65.0pt
\marginparsep   11.0pt
\columnsep  80.9318pt
\skip\footins  9.0pt plus 4.0pt minus 2.0pt
\hoffset 71.05797pt
\voffset 71.05797pt
\mag 1000

(1in=72.27pt, 1cm=28.45pt)
-----------------------
<figs/ufba-logo.pdf, id=1, 80.3pt x 110.4125pt>
File: figs/ufba-logo.pdf Graphic file (type pdf)
 <use figs/ufba-logo.pdf>
LaTeX Font Info:    Font shape `OT1/phv/bx/n' in size <89.16> not available
(Font)              Font shape `OT1/phv/b/n' tried instead on input line 24.

(/usr/share/texmf-texlive/tex/latex/ucs/data/uni-0.def
File: uni-0.def 2004/10/17 UCS: Unicode data U+0000..U+00FF
)
LaTeX Font Info:    Font shape `OT1/phv/bx/n' in size <43> not available
(Font)              Font shape `OT1/phv/b/n' tried instead on input line 24.
LaTeX Font Info:    Try loading font information for OT1+pcr on input line 24.

(/usr/share/texmf-texlive/tex/latex/psnfss/ot1pcr.fd
File: ot1pcr.fd 2001/06/04 font definitions for OT1/pcr.
)
<figs/capes-logo.pdf, id=2, 73.27374pt x 60.225pt>
File: figs/capes-logo.pdf Graphic file (type pdf)
 <use figs/capes-logo.pdf>
Overfull \hbox (25.31601pt too wide) in paragraph at lines 24--24
 [] 
 []


Overfull \hbox (65.32658pt too wide) in paragraph at lines 24--25
[]$[]$  $[]$$[]$
 []

LaTeX Font Info:    Font shape `OT1/phv/bx/n' in size <24.88> not available
(Font)              Font shape `OT1/phv/b/n' tried instead on input line 28.
<./figs/tabela-periodica.pdf, id=3, 846.16125pt x 598.235pt>
File: ./figs/tabela-periodica.pdf Graphic file (type pdf)

<use ./figs/tabela-periodica.pdf>
LaTeX Font Info:    Font shape `OT1/phv/m/it' in size <24.88> not available
(Font)              Font shape `OT1/phv/m/sl' tried instead on input line 54.
LaTeX Font Info:    Font shape `OT1/phv/bx/n' in size <29.86> not available
(Font)              Font shape `OT1/phv/b/n' tried instead on input line 69.


pdfTeX warning: pdflatex (file ./figs/watanabe-brass.pdf): PDF inclusion: found
 PDF version <1.5>, but at most version <1.4> allowed
<./figs/watanabe-brass.pdf, id=4, 433.62pt x 262.58101pt>
File: ./figs/watanabe-brass.pdf Graphic file (type pdf)

<use ./figs/watanabe-brass.pdf>

pdfTeX warning: pdflatex (file ./figs/bain-realtime.pdf): PDF inclusion: found 
PDF version <1.5>, but at most version <1.4> allowed
<./figs/bain-realtime.pdf, id=6, 541.22202pt x 307.549pt>
File: ./figs/bain-realtime.pdf Graphic file (type pdf)

<use ./figs/bain-realtime.pdf>

pdfTeX warning: pdflatex (file ./figs/buteau-motivic.pdf): PDF inclusion: found
 PDF version <1.5>, but at most version <1.4> allowed
<./figs/buteau-motivic.pdf, id=8, 318.791pt x 340.47202pt>
File: ./figs/buteau-motivic.pdf Graphic file (type pdf)

<use ./figs/buteau-motivic.pdf>
<./figs/soundsieve.pdf, id=10, 903.375pt x 578.16pt>
File: ./figs/soundsieve.pdf Graphic file (type pdf)

<use ./figs/soundsieve.pdf>
LaTeX Font Info:    Font shape `OT1/pcr/m/it' in size <24.88> not available
(Font)              Font shape `OT1/pcr/m/sl' tried instead on input line 109.


pdfTeX warning: pdflatex (file ./figs/topf-globe.pdf): PDF inclusion: found PDF
 version <1.5>, but at most version <1.4> allowed
<./figs/topf-globe.pdf, id=11, 314.776pt x 238.49101pt>
File: ./figs/topf-globe.pdf Graphic file (type pdf)

<use ./figs/topf-globe.pdf>

pdfTeX warning: pdflatex (file ./figs/comp-i.pdf): PDF inclusion: found PDF ver
sion <1.5>, but at most version <1.4> allowed
<./figs/comp-i.pdf, id=13, 306.746pt x 313.97299pt>
File: ./figs/comp-i.pdf Graphic file (type pdf)
 <use ./figs/comp-i.pdf>

pdfTeX warning: pdflatex (file ./figs/palestrina-pal.pdf): PDF inclusion: found
 PDF version <1.5>, but at most version <1.4> allowed
<./figs/palestrina-pal.pdf, id=15, 579.76598pt x 415.954pt>
File: ./figs/palestrina-pal.pdf Graphic file (type pdf)

<use ./figs/palestrina-pal.pdf>
Underfull \hbox (badness 5431) in paragraph at lines 158--160
[]\OT1/phv/m/n/24.88 Todas as t[]ecnicas de Visualiza[][]ao pes-qui-sa-das
 []

LaTeX Font Info:    Font shape `OT1/phv/bx/n' in size <35.83> not available
(Font)              Font shape `OT1/phv/b/n' tried instead on input line 192.
[1
Non-PDF special ignored!

{/var/lib/texmf/fonts/map/pdftex/updmap/pdftex.map} <./figs/ufba-logo.pdf> <./f
igs/capes-logo.pdf> <./figs/tabela-periodica.pdf> <./figs/watanabe-brass.pdf> <
./figs/bain-realtime.pdf> <./figs/buteau-motivic.pdf> <./figs/soundsieve.pdf> <
./figs/topf-globe.pdf> <./figs/comp-i.pdf> <./figs/palestrina-pal.pdf>] (./post
er-genos-anppom-2012-taxonomia.bbl
Underfull \hbox (badness 10000) in paragraph at lines 27--31
\OT1/phv/m/n/24.88 sic - Mu-sic Li-brary Vi-su-a-li-za-tion Using Ge-o-
 []


Underfull \hbox (badness 6412) in paragraph at lines 27--31
\OT1/phv/m/sl/24.88 sium on Mu-sic In-for-ma-tion Re-tri-e-val\OT1/phv/m/n/24.8
8 , page <a
 []


Underfull \hbox (badness 10000) in paragraph at lines 27--31
\OT1/phv/m/n/24.88 href=http://www.ismir.net/proceedings/index.php,
 []

) [2] (./poster-genos-anppom-2012-taxonomia.aux)

LaTeX Warning: There were multiply-defined labels.

 )
(\end occurred inside a group at level 1)

### simple group (level 1) entered at line 14 ({)
### bottom level 
Here is how much of TeX's memory you used:
 4360 strings out of 493848
 64863 string characters out of 1152823
 161822 words of memory out of 3000000
 7546 multiletter control sequences out of 15000+50000
 23574 words of font info for 49 fonts, out of 3000000 for 9000
 714 hyphenation exceptions out of 8191
 51i,8n,44p,351b,1506s stack positions out of 5000i,500n,10000p,200000b,50000s
{/usr/share/texmf-texlive/fonts/enc/dvips/base/8r.enc}</usr/sha
re/texmf-texlive/fonts/type1/urw/courier/ucrr8a.pfb></usr/share/texmf-texlive/f
onts/type1/urw/courier/ucrro8a.pfb></usr/share/texmf-texlive/fonts/type1/urw/he
lvetic/uhvb8a.pfb></usr/share/texmf-texlive/fonts/type1/urw/helvetic/uhvr8a.pfb
></usr/share/texmf-texlive/fonts/type1/urw/helvetic/uhvro8a.pfb>
Output written on poster-genos-anppom-2012-taxonomia.pdf (2 pages, 1149981 byte
s).
PDF statistics:
 206 PDF objects out of 1000 (max. 8388607)
 0 named destinations out of 1000 (max. 500000)
 51 words of extra memory for PDF output out of 10000 (max. 10000000)

